<?xml version="1.0" encoding="UTF-8"?>
<testng-results skipped="0" failed="0" total="4" passed="4">
  <reporter-output>
  </reporter-output>
  <suite name="Default suite" duration-ms="6576" started-at="2015-08-27T11:21:54Z" finished-at="2015-08-27T11:22:01Z">
    <groups>
    </groups>
    <test name="Default test" duration-ms="6576" started-at="2015-08-27T11:21:54Z" finished-at="2015-08-27T11:22:01Z">
      <class name="com.example.tests.GroupCreateTest">
        <test-method status="PASS" signature="testEmptyGroupCreation()[pri:0, instance:com.example.tests.GroupCreateTest@3ac42916]" name="testEmptyGroupCreation" duration-ms="556" started-at="2015-08-27T14:22:00Z" finished-at="2015-08-27T14:22:00Z">
          <reporter-output>
          </reporter-output>
        </test-method> <!-- testEmptyGroupCreation -->
        <test-method status="PASS" signature="testNonEmptyGroupCreation()[pri:0, instance:com.example.tests.GroupCreateTest@3ac42916]" name="testNonEmptyGroupCreation" duration-ms="560" started-at="2015-08-27T14:22:00Z" finished-at="2015-08-27T14:22:01Z">
          <reporter-output>
          </reporter-output>
        </test-method> <!-- testNonEmptyGroupCreation -->
      </class> <!-- com.example.tests.GroupCreateTest -->
      <class name="com.example.tests.ContactCreateTest">
        <test-method status="PASS" signature="setUp()[pri:0, instance:com.example.tests.ContactCreateTest@ba4d54]" name="setUp" is-config="true" duration-ms="2792" started-at="2015-08-27T14:21:54Z" finished-at="2015-08-27T14:21:57Z">
          <reporter-output>
          </reporter-output>
        </test-method> <!-- setUp -->
        <test-method status="PASS" signature="testEmptyContactCreate()[pri:0, instance:com.example.tests.ContactCreateTest@ba4d54]" name="testEmptyContactCreate" duration-ms="1243" started-at="2015-08-27T14:21:57Z" finished-at="2015-08-27T14:21:58Z">
          <reporter-output>
          </reporter-output>
        </test-method> <!-- testEmptyContactCreate -->
        <test-method status="PASS" signature="testNonEmptyContactCreate()[pri:0, instance:com.example.tests.ContactCreateTest@ba4d54]" name="testNonEmptyContactCreate" duration-ms="1165" started-at="2015-08-27T14:21:58Z" finished-at="2015-08-27T14:22:00Z">
          <reporter-output>
          </reporter-output>
        </test-method> <!-- testNonEmptyContactCreate -->
        <test-method status="PASS" signature="tearDown()[pri:0, instance:com.example.tests.ContactCreateTest@ba4d54]" name="tearDown" is-config="true" duration-ms="249" started-at="2015-08-27T14:22:01Z" finished-at="2015-08-27T14:22:01Z">
          <reporter-output>
          </reporter-output>
        </test-method> <!-- tearDown -->
      </class> <!-- com.example.tests.ContactCreateTest -->
    </test> <!-- Default test -->
  </suite> <!-- Default suite -->
</testng-results>
