<?xml version="1.0" encoding="UTF-8"?>
<!-- Generated by org.testng.reporters.JUnitXMLReporter -->
<testsuite hostname="WKS-14494" name="Default test" tests="4" failures="0" timestamp="27 Aug 2015 11:22:01 GMT" time="6.576" errors="0">
  <testcase name="testEmptyContactCreate" time="1.243" classname="com.example.tests.ContactCreateTest"/>
  <testcase name="testNonEmptyContactCreate" time="1.165" classname="com.example.tests.ContactCreateTest"/>
  <testcase name="testEmptyGroupCreation" time="0.556" classname="com.example.tests.GroupCreateTest"/>
  <testcase name="testNonEmptyGroupCreation" time="0.56" classname="com.example.tests.GroupCreateTest"/>
</testsuite> <!-- Default test -->
